124
(S(NP(DET The)(NP man))(VP(VP sees)(NP(DET the)(NP(NP boy)(PP(PP in)(NP(DET the)(NP(NP park)(PP(PP with)(NP(DET a)(NP telescope))))))))))
(S(NP(DET The)(NP man))(VP(VP sees)(NP(DET the)(NP(NP boy)(PP(PP in)(NP(DET the)(NP(NP(NP park)(PP with))(NP(DET a)(NP telescope)))))))))
(S(NP(DET The)(NP man))(VP(VP sees)(NP(DET the)(NP(NP boy)(PP(PP in)(NP(NP(DET the)(NP park))(PP(PP with)(NP(DET a)(NP telescope)))))))))
(S(NP(DET The)(NP man))(VP(VP sees)(NP(DET the)(NP(NP boy)(PP(PP in)(NP(NP(DET the)(NP(NP park)(PP with)))(NP(DET a)(NP telescope))))))))
(S(NP(DET The)(NP man))(VP(VP sees)(NP(DET the)(NP(NP boy)(PP(PP in)(NP(NP(NP(DET the)(NP park))(PP with))(NP(DET a)(NP telescope))))))))
(S(NP(DET The)(NP man))(VP(VP sees)(NP(DET the)(NP(NP boy)(PP(PP(PP in)(NP(DET the)(NP(NP park)(PP with))))(NP(DET a)(NP telescope)))))))
(S(NP(DET The)(NP man))(VP(VP sees)(NP(DET the)(NP(NP boy)(PP(PP(PP in)(NP(NP(DET the)(NP park))(PP with)))(NP(DET a)(NP telescope)))))))
(S(NP(DET The)(NP man))(VP(VP sees)(NP(DET the)(NP(NP(NP boy)(PP in))(NP(DET the)(NP(NP park)(PP(PP with)(NP(DET a)(NP telescope)))))))))
(S(NP(DET The)(NP man))(VP(VP sees)(NP(DET the)(NP(NP(NP boy)(PP in))(NP(DET the)(NP(NP(NP park)(PP with))(NP(DET a)(NP telescope))))))))
(S(NP(DET The)(NP man))(VP(VP sees)(NP(DET the)(NP(NP(NP boy)(PP in))(NP(NP(DET the)(NP park))(PP(PP with)(NP(DET a)(NP telescope))))))))
(S(NP(DET The)(NP man))(VP(VP sees)(NP(DET the)(NP(NP(NP boy)(PP in))(NP(NP(DET the)(NP(NP park)(PP with)))(NP(DET a)(NP telescope)))))))
(S(NP(DET The)(NP man))(VP(VP sees)(NP(DET the)(NP(NP(NP boy)(PP in))(NP(NP(NP(DET the)(NP park))(PP with))(NP(DET a)(NP telescope)))))))
(S(NP(DET The)(NP man))(VP(VP sees)(NP(DET the)(NP(NP(NP boy)(PP(PP in)(NP(DET the)(NP park))))(PP(PP with)(NP(DET a)(NP telescope)))))))
(S(NP(DET The)(NP man))(VP(VP sees)(NP(DET the)(NP(NP(NP(NP boy)(PP in))(NP(DET the)(NP park)))(PP(PP with)(NP(DET a)(NP telescope)))))))
(S(NP(DET The)(NP man))(VP(VP sees)(NP(DET the)(NP(NP(NP boy)(PP(PP in)(NP(DET the)(NP(NP park)(PP with)))))(NP(DET a)(NP telescope))))))
(S(NP(DET The)(NP man))(VP(VP sees)(NP(DET the)(NP(NP(NP boy)(PP(PP in)(NP(NP(DET the)(NP park))(PP with))))(NP(DET a)(NP telescope))))))
(S(NP(DET The)(NP man))(VP(VP sees)(NP(DET the)(NP(NP(NP(NP boy)(PP in))(NP(DET the)(NP(NP park)(PP with))))(NP(DET a)(NP telescope))))))
(S(NP(DET The)(NP man))(VP(VP sees)(NP(DET the)(NP(NP(NP(NP boy)(PP in))(NP(NP(DET the)(NP park))(PP with)))(NP(DET a)(NP telescope))))))
(S(NP(DET The)(NP man))(VP(VP sees)(NP(DET the)(NP(NP(NP(NP boy)(PP(PP in)(NP(DET the)(NP park))))(PP with))(NP(DET a)(NP telescope))))))
(S(NP(DET The)(NP man))(VP(VP sees)(NP(DET the)(NP(NP(NP(NP(NP boy)(PP in))(NP(DET the)(NP park)))(PP with))(NP(DET a)(NP telescope))))))
(S(NP(DET The)(NP man))(VP(VP sees)(NP(NP(DET the)(NP boy))(PP(PP in)(NP(DET the)(NP(NP park)(PP(PP with)(NP(DET a)(NP telescope)))))))))
(S(NP(DET The)(NP man))(VP(VP sees)(NP(NP(DET the)(NP boy))(PP(PP in)(NP(DET the)(NP(NP(NP park)(PP with))(NP(DET a)(NP telescope))))))))
(S(NP(DET The)(NP man))(VP(VP sees)(NP(NP(DET the)(NP boy))(PP(PP in)(NP(NP(DET the)(NP park))(PP(PP with)(NP(DET a)(NP telescope))))))))
(S(NP(DET The)(NP man))(VP(VP sees)(NP(NP(DET the)(NP boy))(PP(PP in)(NP(NP(DET the)(NP(NP park)(PP with)))(NP(DET a)(NP telescope)))))))
(S(NP(DET The)(NP man))(VP(VP sees)(NP(NP(DET the)(NP boy))(PP(PP in)(NP(NP(NP(DET the)(NP park))(PP with))(NP(DET a)(NP telescope)))))))
(S(NP(DET The)(NP man))(VP(VP sees)(NP(NP(DET the)(NP boy))(PP(PP(PP in)(NP(DET the)(NP(NP park)(PP with))))(NP(DET a)(NP telescope))))))
(S(NP(DET The)(NP man))(VP(VP sees)(NP(NP(DET the)(NP boy))(PP(PP(PP in)(NP(NP(DET the)(NP park))(PP with)))(NP(DET a)(NP telescope))))))
(S(NP(DET The)(NP man))(VP(VP sees)(NP(NP(DET the)(NP(NP boy)(PP in)))(NP(DET the)(NP(NP park)(PP(PP with)(NP(DET a)(NP telescope))))))))
(S(NP(DET The)(NP man))(VP(VP sees)(NP(NP(DET the)(NP(NP boy)(PP in)))(NP(DET the)(NP(NP(NP park)(PP with))(NP(DET a)(NP telescope)))))))
(S(NP(DET The)(NP man))(VP(VP sees)(NP(NP(DET the)(NP(NP boy)(PP in)))(NP(NP(DET the)(NP park))(PP(PP with)(NP(DET a)(NP telescope)))))))
(S(NP(DET The)(NP man))(VP(VP sees)(NP(NP(DET the)(NP(NP boy)(PP in)))(NP(NP(DET the)(NP(NP park)(PP with)))(NP(DET a)(NP telescope))))))
(S(NP(DET The)(NP man))(VP(VP sees)(NP(NP(DET the)(NP(NP boy)(PP in)))(NP(NP(NP(DET the)(NP park))(PP with))(NP(DET a)(NP telescope))))))
(S(NP(DET The)(NP man))(VP(VP sees)(NP(NP(NP(DET the)(NP boy))(PP in))(NP(DET the)(NP(NP park)(PP(PP with)(NP(DET a)(NP telescope))))))))
(S(NP(DET The)(NP man))(VP(VP sees)(NP(NP(NP(DET the)(NP boy))(PP in))(NP(DET the)(NP(NP(NP park)(PP with))(NP(DET a)(NP telescope)))))))
(S(NP(DET The)(NP man))(VP(VP sees)(NP(NP(NP(DET the)(NP boy))(PP in))(NP(NP(DET the)(NP park))(PP(PP with)(NP(DET a)(NP telescope)))))))
(S(NP(DET The)(NP man))(VP(VP sees)(NP(NP(NP(DET the)(NP boy))(PP in))(NP(NP(DET the)(NP(NP park)(PP with)))(NP(DET a)(NP telescope))))))
(S(NP(DET The)(NP man))(VP(VP sees)(NP(NP(NP(DET the)(NP boy))(PP in))(NP(NP(NP(DET the)(NP park))(PP with))(NP(DET a)(NP telescope))))))
(S(NP(DET The)(NP man))(VP(VP sees)(NP(NP(DET the)(NP(NP boy)(PP(PP in)(NP(DET the)(NP park)))))(PP(PP with)(NP(DET a)(NP telescope))))))
(S(NP(DET The)(NP man))(VP(VP sees)(NP(NP(DET the)(NP(NP(NP boy)(PP in))(NP(DET the)(NP park))))(PP(PP with)(NP(DET a)(NP telescope))))))
(S(NP(DET The)(NP man))(VP(VP sees)(NP(NP(NP(DET the)(NP boy))(PP(PP in)(NP(DET the)(NP park))))(PP(PP with)(NP(DET a)(NP telescope))))))
(S(NP(DET The)(NP man))(VP(VP sees)(NP(NP(NP(DET the)(NP(NP boy)(PP in)))(NP(DET the)(NP park)))(PP(PP with)(NP(DET a)(NP telescope))))))
(S(NP(DET The)(NP man))(VP(VP sees)(NP(NP(NP(NP(DET the)(NP boy))(PP in))(NP(DET the)(NP park)))(PP(PP with)(NP(DET a)(NP telescope))))))
(S(NP(DET The)(NP man))(VP(VP sees)(NP(NP(DET the)(NP(NP boy)(PP(PP in)(NP(DET the)(NP(NP park)(PP with))))))(NP(DET a)(NP telescope)))))
(S(NP(DET The)(NP man))(VP(VP sees)(NP(NP(DET the)(NP(NP boy)(PP(PP in)(NP(NP(DET the)(NP park))(PP with)))))(NP(DET a)(NP telescope)))))
(S(NP(DET The)(NP man))(VP(VP sees)(NP(NP(DET the)(NP(NP(NP boy)(PP in))(NP(DET the)(NP(NP park)(PP with)))))(NP(DET a)(NP telescope)))))
(S(NP(DET The)(NP man))(VP(VP sees)(NP(NP(DET the)(NP(NP(NP boy)(PP in))(NP(NP(DET the)(NP park))(PP with))))(NP(DET a)(NP telescope)))))
(S(NP(DET The)(NP man))(VP(VP sees)(NP(NP(DET the)(NP(NP(NP boy)(PP(PP in)(NP(DET the)(NP park))))(PP with)))(NP(DET a)(NP telescope)))))
(S(NP(DET The)(NP man))(VP(VP sees)(NP(NP(DET the)(NP(NP(NP(NP boy)(PP in))(NP(DET the)(NP park)))(PP with)))(NP(DET a)(NP telescope)))))
(S(NP(DET The)(NP man))(VP(VP sees)(NP(NP(NP(DET the)(NP boy))(PP(PP in)(NP(DET the)(NP(NP park)(PP with)))))(NP(DET a)(NP telescope)))))
(S(NP(DET The)(NP man))(VP(VP sees)(NP(NP(NP(DET the)(NP boy))(PP(PP in)(NP(NP(DET the)(NP park))(PP with))))(NP(DET a)(NP telescope)))))
(S(NP(DET The)(NP man))(VP(VP sees)(NP(NP(NP(DET the)(NP(NP boy)(PP in)))(NP(DET the)(NP(NP park)(PP with))))(NP(DET a)(NP telescope)))))
(S(NP(DET The)(NP man))(VP(VP sees)(NP(NP(NP(DET the)(NP(NP boy)(PP in)))(NP(NP(DET the)(NP park))(PP with)))(NP(DET a)(NP telescope)))))
(S(NP(DET The)(NP man))(VP(VP sees)(NP(NP(NP(NP(DET the)(NP boy))(PP in))(NP(DET the)(NP(NP park)(PP with))))(NP(DET a)(NP telescope)))))
(S(NP(DET The)(NP man))(VP(VP sees)(NP(NP(NP(NP(DET the)(NP boy))(PP in))(NP(NP(DET the)(NP park))(PP with)))(NP(DET a)(NP telescope)))))
(S(NP(DET The)(NP man))(VP(VP sees)(NP(NP(NP(DET the)(NP(NP boy)(PP(PP in)(NP(DET the)(NP park)))))(PP with))(NP(DET a)(NP telescope)))))
(S(NP(DET The)(NP man))(VP(VP sees)(NP(NP(NP(DET the)(NP(NP(NP boy)(PP in))(NP(DET the)(NP park))))(PP with))(NP(DET a)(NP telescope)))))
(S(NP(DET The)(NP man))(VP(VP sees)(NP(NP(NP(NP(DET the)(NP boy))(PP(PP in)(NP(DET the)(NP park))))(PP with))(NP(DET a)(NP telescope)))))
(S(NP(DET The)(NP man))(VP(VP sees)(NP(NP(NP(NP(DET the)(NP(NP boy)(PP in)))(NP(DET the)(NP park)))(PP with))(NP(DET a)(NP telescope)))))
(S(NP(DET The)(NP man))(VP(VP sees)(NP(NP(NP(NP(NP(DET the)(NP boy))(PP in))(NP(DET the)(NP park)))(PP with))(NP(DET a)(NP telescope)))))
(S(NP(DET The)(NP man))(VP(VP(VP sees)(NP(DET the)(NP boy)))(PP(PP in)(NP(DET the)(NP(NP park)(PP(PP with)(NP(DET a)(NP telescope))))))))
(S(NP(DET The)(NP man))(VP(VP(VP sees)(NP(DET the)(NP boy)))(PP(PP in)(NP(DET the)(NP(NP(NP park)(PP with))(NP(DET a)(NP telescope)))))))
(S(NP(DET The)(NP man))(VP(VP(VP sees)(NP(DET the)(NP boy)))(PP(PP in)(NP(NP(DET the)(NP park))(PP(PP with)(NP(DET a)(NP telescope)))))))
(S(NP(DET The)(NP man))(VP(VP(VP sees)(NP(DET the)(NP boy)))(PP(PP in)(NP(NP(DET the)(NP(NP park)(PP with)))(NP(DET a)(NP telescope))))))
(S(NP(DET The)(NP man))(VP(VP(VP sees)(NP(DET the)(NP boy)))(PP(PP in)(NP(NP(NP(DET the)(NP park))(PP with))(NP(DET a)(NP telescope))))))
(S(NP(DET The)(NP man))(VP(VP(VP sees)(NP(DET the)(NP boy)))(PP(PP(PP in)(NP(DET the)(NP(NP park)(PP with))))(NP(DET a)(NP telescope)))))
(S(NP(DET The)(NP man))(VP(VP(VP sees)(NP(DET the)(NP boy)))(PP(PP(PP in)(NP(NP(DET the)(NP park))(PP with)))(NP(DET a)(NP telescope)))))
(S(NP(DET The)(NP man))(VP(VP(VP sees)(NP(DET the)(NP(NP boy)(PP in))))(NP(DET the)(NP(NP park)(PP(PP with)(NP(DET a)(NP telescope)))))))
(S(NP(DET The)(NP man))(VP(VP(VP sees)(NP(DET the)(NP(NP boy)(PP in))))(NP(DET the)(NP(NP(NP park)(PP with))(NP(DET a)(NP telescope))))))
(S(NP(DET The)(NP man))(VP(VP(VP sees)(NP(DET the)(NP(NP boy)(PP in))))(NP(NP(DET the)(NP park))(PP(PP with)(NP(DET a)(NP telescope))))))
(S(NP(DET The)(NP man))(VP(VP(VP sees)(NP(DET the)(NP(NP boy)(PP in))))(NP(NP(DET the)(NP(NP park)(PP with)))(NP(DET a)(NP telescope)))))
(S(NP(DET The)(NP man))(VP(VP(VP sees)(NP(DET the)(NP(NP boy)(PP in))))(NP(NP(NP(DET the)(NP park))(PP with))(NP(DET a)(NP telescope)))))
(S(NP(DET The)(NP man))(VP(VP(VP sees)(NP(NP(DET the)(NP boy))(PP in)))(NP(DET the)(NP(NP park)(PP(PP with)(NP(DET a)(NP telescope)))))))
(S(NP(DET The)(NP man))(VP(VP(VP sees)(NP(NP(DET the)(NP boy))(PP in)))(NP(DET the)(NP(NP(NP park)(PP with))(NP(DET a)(NP telescope))))))
(S(NP(DET The)(NP man))(VP(VP(VP sees)(NP(NP(DET the)(NP boy))(PP in)))(NP(NP(DET the)(NP park))(PP(PP with)(NP(DET a)(NP telescope))))))
(S(NP(DET The)(NP man))(VP(VP(VP sees)(NP(NP(DET the)(NP boy))(PP in)))(NP(NP(DET the)(NP(NP park)(PP with)))(NP(DET a)(NP telescope)))))
(S(NP(DET The)(NP man))(VP(VP(VP sees)(NP(NP(DET the)(NP boy))(PP in)))(NP(NP(NP(DET the)(NP park))(PP with))(NP(DET a)(NP telescope)))))
(S(NP(DET The)(NP man))(VP(VP(VP(VP sees)(NP(DET the)(NP boy)))(PP in))(NP(DET the)(NP(NP park)(PP(PP with)(NP(DET a)(NP telescope)))))))
(S(NP(DET The)(NP man))(VP(VP(VP(VP sees)(NP(DET the)(NP boy)))(PP in))(NP(DET the)(NP(NP(NP park)(PP with))(NP(DET a)(NP telescope))))))
(S(NP(DET The)(NP man))(VP(VP(VP(VP sees)(NP(DET the)(NP boy)))(PP in))(NP(NP(DET the)(NP park))(PP(PP with)(NP(DET a)(NP telescope))))))
(S(NP(DET The)(NP man))(VP(VP(VP(VP sees)(NP(DET the)(NP boy)))(PP in))(NP(NP(DET the)(NP(NP park)(PP with)))(NP(DET a)(NP telescope)))))
(S(NP(DET The)(NP man))(VP(VP(VP(VP sees)(NP(DET the)(NP boy)))(PP in))(NP(NP(NP(DET the)(NP park))(PP with))(NP(DET a)(NP telescope)))))
(S(NP(DET The)(NP man))(VP(VP(VP sees)(NP(DET the)(NP(NP boy)(PP(PP in)(NP(DET the)(NP park))))))(PP(PP with)(NP(DET a)(NP telescope)))))
(S(NP(DET The)(NP man))(VP(VP(VP sees)(NP(DET the)(NP(NP(NP boy)(PP in))(NP(DET the)(NP park)))))(PP(PP with)(NP(DET a)(NP telescope)))))
(S(NP(DET The)(NP man))(VP(VP(VP sees)(NP(NP(DET the)(NP boy))(PP(PP in)(NP(DET the)(NP park)))))(PP(PP with)(NP(DET a)(NP telescope)))))
(S(NP(DET The)(NP man))(VP(VP(VP sees)(NP(NP(DET the)(NP(NP boy)(PP in)))(NP(DET the)(NP park))))(PP(PP with)(NP(DET a)(NP telescope)))))
(S(NP(DET The)(NP man))(VP(VP(VP sees)(NP(NP(NP(DET the)(NP boy))(PP in))(NP(DET the)(NP park))))(PP(PP with)(NP(DET a)(NP telescope)))))
(S(NP(DET The)(NP man))(VP(VP(VP(VP sees)(NP(DET the)(NP boy)))(PP(PP in)(NP(DET the)(NP park))))(PP(PP with)(NP(DET a)(NP telescope)))))
(S(NP(DET The)(NP man))(VP(VP(VP(VP sees)(NP(DET the)(NP(NP boy)(PP in))))(NP(DET the)(NP park)))(PP(PP with)(NP(DET a)(NP telescope)))))
(S(NP(DET The)(NP man))(VP(VP(VP(VP sees)(NP(NP(DET the)(NP boy))(PP in)))(NP(DET the)(NP park)))(PP(PP with)(NP(DET a)(NP telescope)))))
(S(NP(DET The)(NP man))(VP(VP(VP(VP(VP sees)(NP(DET the)(NP boy)))(PP in))(NP(DET the)(NP park)))(PP(PP with)(NP(DET a)(NP telescope)))))
(S(NP(DET The)(NP man))(VP(VP(VP sees)(NP(DET the)(NP(NP boy)(PP(PP in)(NP(DET the)(NP(NP park)(PP with)))))))(NP(DET a)(NP telescope))))
(S(NP(DET The)(NP man))(VP(VP(VP sees)(NP(DET the)(NP(NP boy)(PP(PP in)(NP(NP(DET the)(NP park))(PP with))))))(NP(DET a)(NP telescope))))
(S(NP(DET The)(NP man))(VP(VP(VP sees)(NP(DET the)(NP(NP(NP boy)(PP in))(NP(DET the)(NP(NP park)(PP with))))))(NP(DET a)(NP telescope))))
(S(NP(DET The)(NP man))(VP(VP(VP sees)(NP(DET the)(NP(NP(NP boy)(PP in))(NP(NP(DET the)(NP park))(PP with)))))(NP(DET a)(NP telescope))))
(S(NP(DET The)(NP man))(VP(VP(VP sees)(NP(DET the)(NP(NP(NP boy)(PP(PP in)(NP(DET the)(NP park))))(PP with))))(NP(DET a)(NP telescope))))
(S(NP(DET The)(NP man))(VP(VP(VP sees)(NP(DET the)(NP(NP(NP(NP boy)(PP in))(NP(DET the)(NP park)))(PP with))))(NP(DET a)(NP telescope))))
(S(NP(DET The)(NP man))(VP(VP(VP sees)(NP(NP(DET the)(NP boy))(PP(PP in)(NP(DET the)(NP(NP park)(PP with))))))(NP(DET a)(NP telescope))))
(S(NP(DET The)(NP man))(VP(VP(VP sees)(NP(NP(DET the)(NP boy))(PP(PP in)(NP(NP(DET the)(NP park))(PP with)))))(NP(DET a)(NP telescope))))
(S(NP(DET The)(NP man))(VP(VP(VP sees)(NP(NP(DET the)(NP(NP boy)(PP in)))(NP(DET the)(NP(NP park)(PP with)))))(NP(DET a)(NP telescope))))
(S(NP(DET The)(NP man))(VP(VP(VP sees)(NP(NP(DET the)(NP(NP boy)(PP in)))(NP(NP(DET the)(NP park))(PP with))))(NP(DET a)(NP telescope))))
(S(NP(DET The)(NP man))(VP(VP(VP sees)(NP(NP(NP(DET the)(NP boy))(PP in))(NP(DET the)(NP(NP park)(PP with)))))(NP(DET a)(NP telescope))))
(S(NP(DET The)(NP man))(VP(VP(VP sees)(NP(NP(NP(DET the)(NP boy))(PP in))(NP(NP(DET the)(NP park))(PP with))))(NP(DET a)(NP telescope))))
(S(NP(DET The)(NP man))(VP(VP(VP sees)(NP(NP(DET the)(NP(NP boy)(PP(PP in)(NP(DET the)(NP park)))))(PP with)))(NP(DET a)(NP telescope))))
(S(NP(DET The)(NP man))(VP(VP(VP sees)(NP(NP(DET the)(NP(NP(NP boy)(PP in))(NP(DET the)(NP park))))(PP with)))(NP(DET a)(NP telescope))))
(S(NP(DET The)(NP man))(VP(VP(VP sees)(NP(NP(NP(DET the)(NP boy))(PP(PP in)(NP(DET the)(NP park))))(PP with)))(NP(DET a)(NP telescope))))
(S(NP(DET The)(NP man))(VP(VP(VP sees)(NP(NP(NP(DET the)(NP(NP boy)(PP in)))(NP(DET the)(NP park)))(PP with)))(NP(DET a)(NP telescope))))
(S(NP(DET The)(NP man))(VP(VP(VP sees)(NP(NP(NP(NP(DET the)(NP boy))(PP in))(NP(DET the)(NP park)))(PP with)))(NP(DET a)(NP telescope))))
(S(NP(DET The)(NP man))(VP(VP(VP(VP sees)(NP(DET the)(NP boy)))(PP(PP in)(NP(DET the)(NP(NP park)(PP with)))))(NP(DET a)(NP telescope))))
(S(NP(DET The)(NP man))(VP(VP(VP(VP sees)(NP(DET the)(NP boy)))(PP(PP in)(NP(NP(DET the)(NP park))(PP with))))(NP(DET a)(NP telescope))))
(S(NP(DET The)(NP man))(VP(VP(VP(VP sees)(NP(DET the)(NP(NP boy)(PP in))))(NP(DET the)(NP(NP park)(PP with))))(NP(DET a)(NP telescope))))
(S(NP(DET The)(NP man))(VP(VP(VP(VP sees)(NP(DET the)(NP(NP boy)(PP in))))(NP(NP(DET the)(NP park))(PP with)))(NP(DET a)(NP telescope))))
(S(NP(DET The)(NP man))(VP(VP(VP(VP sees)(NP(NP(DET the)(NP boy))(PP in)))(NP(DET the)(NP(NP park)(PP with))))(NP(DET a)(NP telescope))))
(S(NP(DET The)(NP man))(VP(VP(VP(VP sees)(NP(NP(DET the)(NP boy))(PP in)))(NP(NP(DET the)(NP park))(PP with)))(NP(DET a)(NP telescope))))
(S(NP(DET The)(NP man))(VP(VP(VP(VP(VP sees)(NP(DET the)(NP boy)))(PP in))(NP(DET the)(NP(NP park)(PP with))))(NP(DET a)(NP telescope))))
(S(NP(DET The)(NP man))(VP(VP(VP(VP(VP sees)(NP(DET the)(NP boy)))(PP in))(NP(NP(DET the)(NP park))(PP with)))(NP(DET a)(NP telescope))))
(S(NP(DET The)(NP man))(VP(VP(VP(VP sees)(NP(DET the)(NP(NP boy)(PP(PP in)(NP(DET the)(NP park))))))(PP with))(NP(DET a)(NP telescope))))
(S(NP(DET The)(NP man))(VP(VP(VP(VP sees)(NP(DET the)(NP(NP(NP boy)(PP in))(NP(DET the)(NP park)))))(PP with))(NP(DET a)(NP telescope))))
(S(NP(DET The)(NP man))(VP(VP(VP(VP sees)(NP(NP(DET the)(NP boy))(PP(PP in)(NP(DET the)(NP park)))))(PP with))(NP(DET a)(NP telescope))))
(S(NP(DET The)(NP man))(VP(VP(VP(VP sees)(NP(NP(DET the)(NP(NP boy)(PP in)))(NP(DET the)(NP park))))(PP with))(NP(DET a)(NP telescope))))
(S(NP(DET The)(NP man))(VP(VP(VP(VP sees)(NP(NP(NP(DET the)(NP boy))(PP in))(NP(DET the)(NP park))))(PP with))(NP(DET a)(NP telescope))))
(S(NP(DET The)(NP man))(VP(VP(VP(VP(VP sees)(NP(DET the)(NP boy)))(PP(PP in)(NP(DET the)(NP park))))(PP with))(NP(DET a)(NP telescope))))
(S(NP(DET The)(NP man))(VP(VP(VP(VP(VP sees)(NP(DET the)(NP(NP boy)(PP in))))(NP(DET the)(NP park)))(PP with))(NP(DET a)(NP telescope))))
(S(NP(DET The)(NP man))(VP(VP(VP(VP(VP sees)(NP(NP(DET the)(NP boy))(PP in)))(NP(DET the)(NP park)))(PP with))(NP(DET a)(NP telescope))))
(S(NP(DET The)(NP man))(VP(VP(VP(VP(VP(VP sees)(NP(DET the)(NP boy)))(PP in))(NP(DET the)(NP park)))(PP with))(NP(DET a)(NP telescope))))
5
(S(NP(NP British)(NP Left))(VP(VP Waffles)(PP(PP on)(NP(NP Falkland)(NP Islands)))))
(S(NP(NP British)(NP Left))(VP(VP Waffles)(PP(PP(PP on)(NP Falkland))(NP Islands))))
(S(NP(NP British)(NP Left))(VP(VP(VP Waffles)(PP on))(NP(NP Falkland)(NP Islands))))
(S(NP(NP British)(NP Left))(VP(VP(VP Waffles)(PP(PP on)(NP Falkland)))(NP Islands)))
(S(NP(NP British)(NP Left))(VP(VP(VP(VP Waffles)(PP on))(NP Falkland))(NP Islands)))
14
(S(NP(NP Dealers)(NP will))(VP(VP Hear)(NP(NP Car)(NP(NP Talk)(PP(PP at)(NP Noon))))))
(S(NP(NP Dealers)(NP will))(VP(VP Hear)(NP(NP Car)(NP(NP(NP Talk)(PP at))(NP Noon)))))
(S(NP(NP Dealers)(NP will))(VP(VP Hear)(NP(NP(NP Car)(NP Talk))(PP(PP at)(NP Noon)))))
(S(NP(NP Dealers)(NP will))(VP(VP Hear)(NP(NP(NP Car)(NP(NP Talk)(PP at)))(NP Noon))))
(S(NP(NP Dealers)(NP will))(VP(VP Hear)(NP(NP(NP(NP Car)(NP Talk))(PP at))(NP Noon))))
(S(NP(NP Dealers)(NP will))(VP(VP(VP Hear)(NP Car))(NP(NP Talk)(PP(PP at)(NP Noon)))))
(S(NP(NP Dealers)(NP will))(VP(VP(VP Hear)(NP Car))(NP(NP(NP Talk)(PP at))(NP Noon))))
(S(NP(NP Dealers)(NP will))(VP(VP(VP Hear)(NP(NP Car)(NP Talk)))(PP(PP at)(NP Noon))))
(S(NP(NP Dealers)(NP will))(VP(VP(VP(VP Hear)(NP Car))(NP Talk))(PP(PP at)(NP Noon))))
(S(NP(NP Dealers)(NP will))(VP(VP(VP Hear)(NP(NP Car)(NP(NP Talk)(PP at))))(NP Noon)))
(S(NP(NP Dealers)(NP will))(VP(VP(VP Hear)(NP(NP(NP Car)(NP Talk))(PP at)))(NP Noon)))
(S(NP(NP Dealers)(NP will))(VP(VP(VP(VP Hear)(NP Car))(NP(NP Talk)(PP at)))(NP Noon)))
(S(NP(NP Dealers)(NP will))(VP(VP(VP(VP Hear)(NP(NP Car)(NP Talk)))(PP at))(NP Noon)))
(S(NP(NP Dealers)(NP will))(VP(VP(VP(VP(VP Hear)(NP Car))(NP Talk))(PP at))(NP Noon)))
