1
(S(NP Fivel)(VP(VP ate)(NP(DET the)(NP cheese))))
14
(S(NP John)(VP(VP walked)(PP(PP to)(NP(DET the)(NP(NP corner)(PP(PP with)(NP Fivel)))))))
(S(NP John)(VP(VP walked)(PP(PP to)(NP(NP(DET the)(NP corner))(PP(PP with)(NP Fivel))))))
(S(NP John)(VP(VP walked)(PP(PP(PP to)(NP(DET the)(NP(NP corner)(PP with))))(NP Fivel))))
(S(NP John)(VP(VP walked)(PP(PP(PP to)(NP(NP(DET the)(NP corner))(PP with)))(NP Fivel))))
(S(NP John)(VP(VP(VP walked)(PP to))(NP(DET the)(NP(NP corner)(PP(PP with)(NP Fivel))))))
(S(NP John)(VP(VP(VP walked)(PP to))(NP(NP(DET the)(NP corner))(PP(PP with)(NP Fivel)))))
(S(NP John)(VP(VP(VP walked)(PP(PP to)(NP(DET the)(NP corner))))(PP(PP with)(NP Fivel))))
(S(NP John)(VP(VP(VP(VP walked)(PP to))(NP(DET the)(NP corner)))(PP(PP with)(NP Fivel))))
(S(NP John)(VP(VP(VP walked)(PP(PP to)(NP(DET the)(NP(NP corner)(PP with)))))(NP Fivel)))
(S(NP John)(VP(VP(VP walked)(PP(PP to)(NP(NP(DET the)(NP corner))(PP with))))(NP Fivel)))
(S(NP John)(VP(VP(VP(VP walked)(PP to))(NP(DET the)(NP(NP corner)(PP with))))(NP Fivel)))
(S(NP John)(VP(VP(VP(VP walked)(PP to))(NP(NP(DET the)(NP corner))(PP with)))(NP Fivel)))
(S(NP John)(VP(VP(VP(VP walked)(PP(PP to)(NP(DET the)(NP corner))))(PP with))(NP Fivel)))
(S(NP John)(VP(VP(VP(VP(VP walked)(PP to))(NP(DET the)(NP corner)))(PP with))(NP Fivel)))
1
(S(NP(DET The)(NP cars))(VP(VP corner)(ADV sharply)))
0
THIS IS NOT CORRECT SENTENCE
